This is pdfTeX, Version 3.14159265-2.6-1.40.18 (TeX Live 2017) (preloaded format=pdflatex 2017.5.23)  13 DEC 2017 15:25
entering extended mode
 restricted \write18 enabled.
 file:line:error style messages enabled.
 %&-line parsing enabled.
**Dissertation.tex
(./Dissertation.tex
LaTeX2e <2017-04-15>
Babel <3.10> and hyphenation patterns for 84 language(s) loaded.
(./docs/preamble.tex
(/usr/local/texlive/2017/texmf-dist/tex/latex/koma-script/scrbook.cls
Document Class: scrbook 2017/04/13 v3.23 KOMA-Script document class (book)
(/usr/local/texlive/2017/texmf-dist/tex/latex/koma-script/scrkbase.sty
Package: scrkbase 2017/04/13 v3.23 KOMA-Script package (KOMA-Script-dependent b
asics and keyval usage)

(/usr/local/texlive/2017/texmf-dist/tex/latex/koma-script/scrbase.sty
Package: scrbase 2017/04/13 v3.23 KOMA-Script package (KOMA-Script-independent 
basics and keyval usage)

(/usr/local/texlive/2017/texmf-dist/tex/latex/graphics/keyval.sty
Package: keyval 2014/10/28 v1.15 key=value parser (DPC)
\KV@toks@=\toks14
)
(/usr/local/texlive/2017/texmf-dist/tex/latex/koma-script/scrlfile.sty
Package: scrlfile 2017/04/13 v3.23 KOMA-Script package (loading files)

Package scrlfile, 2017/04/13 v3.23 KOMA-Script package (loading files)
                  Copyright (C) Markus Kohm

))) (/usr/local/texlive/2017/texmf-dist/tex/latex/koma-script/tocbasic.sty
Package: tocbasic 2017/04/13 v3.23 KOMA-Script package (handling toc-files)
\scr@dte@tocline@numberwidth=\skip41
\scr@dte@tocline@numbox=\box26
)
Package tocbasic Info: omitting babel extension for `toc'
(tocbasic)             because of feature `nobabel' available
(tocbasic)             for `toc' on input line 133.
Package tocbasic Info: omitting babel extension for `lof'
(tocbasic)             because of feature `nobabel' available
(tocbasic)             for `lof' on input line 135.
Package tocbasic Info: omitting babel extension for `lot'
(tocbasic)             because of feature `nobabel' available
(tocbasic)             for `lot' on input line 136.
Package tocbasic Info: defining new hook before heading of `' on input line 160
8.
Package scrbook Info: You've used standard option `12pt'.
(scrbook)             This is correct!
(scrbook)             Internally I'm using `fontsize=12pt'.
(scrbook)             If you'd like to set the option with \KOMAoptions,
(scrbook)             you'd have to use `fontsize=12pt' there
(scrbook)             instead of `12pt', too.
Class scrbook Info: You've used standard option `oneside'.
(scrbook)           This is correct!
(scrbook)           Internally I'm using `twoside=false'.
(scrbook)           If you'd like to set the option with \KOMAoptions,
(scrbook)           you'd have to use `twoside=false' there
(scrbook)           instead of `oneside', too.
Class scrbook Info: File `scrsize12pt.clo' used to setup font sizes on input li
ne 2275.

(/usr/local/texlive/2017/texmf-dist/tex/latex/koma-script/scrsize12pt.clo
File: scrsize12pt.clo 2017/04/13 v3.23 KOMA-Script font size class option (12pt
)
)
(/usr/local/texlive/2017/texmf-dist/tex/latex/koma-script/typearea.sty
Package: typearea 2017/04/13 v3.23 KOMA-Script package (type area)
\ta@bcor=\skip42
\ta@div=\count79
Package typearea Info: You've used standard option `oneside'.
(typearea)             This is correct!
(typearea)             Internally I'm using `twoside=false'.
(typearea)             If you'd like to set the option with \KOMAoptions,
(typearea)             you'd have to use `twoside=false' there
(typearea)             instead of `oneside', too.
\ta@hblk=\skip43
\ta@vblk=\skip44
\ta@temp=\skip45
\footheight=\skip46
Package typearea Info: These are the values describing the layout:
(typearea)             DIV  = 12
(typearea)             BCOR = 0.0pt
(typearea)             \paperwidth      = 597.50793pt
(typearea)              \textwidth      = 448.13095pt
(typearea)              DIV departure   = -6%
(typearea)              \evensidemargin = 2.4185pt
(typearea)              \oddsidemargin  = 2.4185pt
(typearea)             \paperheight     = 845.04694pt
(typearea)              \textheight     = 606.5pt
(typearea)              \topmargin      = -1.84941pt
(typearea)              \headheight     = 18.125pt
(typearea)              \headsep        = 21.75pt
(typearea)              \topskip        = 12.0pt
(typearea)              \footskip       = 50.75pt
(typearea)              \baselineskip   = 14.5pt
(typearea)              on input line 1647.
)
\c@part=\count80
\c@chapter=\count81
\c@section=\count82
\c@subsection=\count83
\c@subsubsection=\count84
\c@paragraph=\count85
\c@subparagraph=\count86
\scr@dte@part@maxnumwidth=\skip47
\scr@dte@chapter@maxnumwidth=\skip48
\scr@dte@section@maxnumwidth=\skip49
\scr@dte@subsection@maxnumwidth=\skip50
\scr@dte@subsubsection@maxnumwidth=\skip51
\scr@dte@paragraph@maxnumwidth=\skip52
\scr@dte@subparagraph@maxnumwidth=\skip53
LaTeX Info: Redefining \textsubscript on input line 4843.
\abovecaptionskip=\skip54
\belowcaptionskip=\skip55
\c@pti@nb@sid@b@x=\box27
\c@figure=\count87
\c@table=\count88
Class scrbook Info: Redefining `\numberline' on input line 6000.
\bibindent=\dimen102
)

Class scrbook Warning: Usage of package `titlesec' together
(scrbook)              with a KOMA-Script class is not recommended.
(scrbook)              I'd suggest to use the package only
(scrbook)              if you really need it, because it breaks several
(scrbook)              KOMA-Script features, i.e., option `headings' and
(scrbook)              the extended optional argument of the section
(scrbook)              commands.
(scrbook)              Nevertheless, using requested
(scrbook)              package `titlesec' on input line 11.

(/usr/local/texlive/2017/texmf-dist/tex/latex/titlesec/titlesec.sty
Package: titlesec 2016/03/21 v2.10.2 Sectioning titles
\ttl@box=\box28
\beforetitleunit=\skip56
\aftertitleunit=\skip57
\ttl@plus=\dimen103
\ttl@minus=\dimen104
\ttl@toksa=\toks15
\titlewidth=\dimen105
\titlewidthlast=\dimen106
\titlewidthfirst=\dimen107


Package titlesec Warning: Non standard sectioning command detected
(titlesec)                Using default spacing and no format.


Package titlesec Warning: Non standard sectioning command detected
(titlesec)                Using default spacing and no format.


Package titlesec Warning: Non standard sectioning command detected
(titlesec)                Using default spacing and no format.


Package titlesec Warning: Non standard sectioning command detected
(titlesec)                Using default spacing and no format.


Package titlesec Warning: Non standard sectioning command detected
(titlesec)                Using default spacing and no format.

)

Class scrbook Warning: Activating an ugly workaround for a missing
(scrbook)              feature of package `titlesec` on input line 11.


Class scrbook Warning: Usage of package `parskip' together
(scrbook)              with a KOMA-Script class is not recommended.
(scrbook)              I'd suggest to use option
(scrbook)              `parskip' with one of it's several values.
(scrbook)              Nevertheless, using requested
(scrbook)              package `parskip' on input line 12.

(/usr/local/texlive/2017/texmf-dist/tex/latex/parskip/parskip.sty
Package: parskip 2001/04/09 non-zero parskip adjustments
)
(/usr/local/texlive/2017/texmf-dist/tex/latex/nag/nag.sty
Package: nag 2011/11/25 0.7 warning about old commands (ulmi)
\c@nag@c=\count89
\c@nag@sins=\count90
)
(/usr/local/texlive/2017/texmf-dist/tex/latex/microtype/microtype.sty
Package: microtype 2016/05/14 v2.6a Micro-typographical refinements (RS)
\MT@toks=\toks16
\MT@count=\count91
LaTeX Info: Redefining \textls on input line 774.
\MT@outer@kern=\dimen108
LaTeX Info: Redefining \textmicrotypecontext on input line 1310.
\MT@listname@count=\count92

(/usr/local/texlive/2017/texmf-dist/tex/latex/microtype/microtype-pdftex.def
File: microtype-pdftex.def 2016/05/14 v2.6a Definitions specific to pdftex (RS)

LaTeX Info: Redefining \lsstyle on input line 916.
LaTeX Info: Redefining \lslig on input line 916.
\MT@outer@space=\skip58
)
Package microtype Info: Loading configuration file microtype.cfg.

(/usr/local/texlive/2017/texmf-dist/tex/latex/microtype/microtype.cfg
File: microtype.cfg 2016/05/14 v2.6a microtype main configuration file (RS)
))
(/usr/local/texlive/2017/texmf-dist/tex/latex/base/inputenc.sty
Package: inputenc 2015/03/17 v1.2c Input encoding file
\inpenc@prehook=\toks17
\inpenc@posthook=\toks18

(/usr/local/texlive/2017/texmf-dist/tex/latex/base/utf8.def
File: utf8.def 2017/01/28 v1.1t UTF-8 support for inputenc
Now handling font encoding OML ...
... no UTF-8 mapping file for font encoding OML
Now handling font encoding T1 ...
... processing UTF-8 mapping file for font encoding T1

(/usr/local/texlive/2017/texmf-dist/tex/latex/base/t1enc.dfu
File: t1enc.dfu 2017/01/28 v1.1t UTF-8 support for inputenc
   defining Unicode char U+00A0 (decimal 160)
   defining Unicode char U+00A1 (decimal 161)
   defining Unicode char U+00A3 (decimal 163)
   defining Unicode char U+00AB (decimal 171)
   defining Unicode char U+00AD (decimal 173)
   defining Unicode char U+00BB (decimal 187)
   defining Unicode char U+00BF (decimal 191)
   defining Unicode char U+00C0 (decimal 192)
   defining Unicode char U+00C1 (decimal 193)
   defining Unicode char U+00C2 (decimal 194)
   defining Unicode char U+00C3 (decimal 195)
   defining Unicode char U+00C4 (decimal 196)
   defining Unicode char U+00C5 (decimal 197)
   defining Unicode char U+00C6 (decimal 198)
   defining Unicode char U+00C7 (decimal 199)
   defining Unicode char U+00C8 (decimal 200)
   defining Unicode char U+00C9 (decimal 201)
   defining Unicode char U+00CA (decimal 202)
   defining Unicode char U+00CB (decimal 203)
   defining Unicode char U+00CC (decimal 204)
   defining Unicode char U+00CD (decimal 205)
   defining Unicode char U+00CE (decimal 206)
   defining Unicode char U+00CF (decimal 207)
   defining Unicode char U+00D0 (decimal 208)
   defining Unicode char U+00D1 (decimal 209)
   defining Unicode char U+00D2 (decimal 210)
   defining Unicode char U+00D3 (decimal 211)
   defining Unicode char U+00D4 (decimal 212)
   defining Unicode char U+00D5 (decimal 213)
   defining Unicode char U+00D6 (decimal 214)
   defining Unicode char U+00D8 (decimal 216)
   defining Unicode char U+00D9 (decimal 217)
   defining Unicode char U+00DA (decimal 218)
   defining Unicode char U+00DB (decimal 219)
   defining Unicode char U+00DC (decimal 220)
   defining Unicode char U+00DD (decimal 221)
   defining Unicode char U+00DE (decimal 222)
   defining Unicode char U+00DF (decimal 223)
   defining Unicode char U+00E0 (decimal 224)
   defining Unicode char U+00E1 (decimal 225)
   defining Unicode char U+00E2 (decimal 226)
   defining Unicode char U+00E3 (decimal 227)
   defining Unicode char U+00E4 (decimal 228)
   defining Unicode char U+00E5 (decimal 229)
   defining Unicode char U+00E6 (decimal 230)
   defining Unicode char U+00E7 (decimal 231)
   defining Unicode char U+00E8 (decimal 232)
   defining Unicode char U+00E9 (decimal 233)
   defining Unicode char U+00EA (decimal 234)
   defining Unicode char U+00EB (decimal 235)
   defining Unicode char U+00EC (decimal 236)
   defining Unicode char U+00ED (decimal 237)
   defining Unicode char U+00EE (decimal 238)
   defining Unicode char U+00EF (decimal 239)
   defining Unicode char U+00F0 (decimal 240)
   defining Unicode char U+00F1 (decimal 241)
   defining Unicode char U+00F2 (decimal 242)
   defining Unicode char U+00F3 (decimal 243)
   defining Unicode char U+00F4 (decimal 244)
   defining Unicode char U+00F5 (decimal 245)
   defining Unicode char U+00F6 (decimal 246)
   defining Unicode char U+00F8 (decimal 248)
   defining Unicode char U+00F9 (decimal 249)
   defining Unicode char U+00FA (decimal 250)
   defining Unicode char U+00FB (decimal 251)
   defining Unicode char U+00FC (decimal 252)
   defining Unicode char U+00FD (decimal 253)
   defining Unicode char U+00FE (decimal 254)
   defining Unicode char U+00FF (decimal 255)
   defining Unicode char U+0100 (decimal 256)
   defining Unicode char U+0101 (decimal 257)
   defining Unicode char U+0102 (decimal 258)
   defining Unicode char U+0103 (decimal 259)
   defining Unicode char U+0104 (decimal 260)
   defining Unicode char U+0105 (decimal 261)
   defining Unicode char U+0106 (decimal 262)
   defining Unicode char U+0107 (decimal 263)
   defining Unicode char U+0108 (decimal 264)
   defining Unicode char U+0109 (decimal 265)
   defining Unicode char U+010A (decimal 266)
   defining Unicode char U+010B (decimal 267)
   defining Unicode char U+010C (decimal 268)
   defining Unicode char U+010D (decimal 269)
   defining Unicode char U+010E (decimal 270)
   defining Unicode char U+010F (decimal 271)
   defining Unicode char U+0110 (decimal 272)
   defining Unicode char U+0111 (decimal 273)
   defining Unicode char U+0112 (decimal 274)
   defining Unicode char U+0113 (decimal 275)
   defining Unicode char U+0114 (decimal 276)
   defining Unicode char U+0115 (decimal 277)
   defining Unicode char U+0116 (decimal 278)
   defining Unicode char U+0117 (decimal 279)
   defining Unicode char U+0118 (decimal 280)
   defining Unicode char U+0119 (decimal 281)
   defining Unicode char U+011A (decimal 282)
   defining Unicode char U+011B (decimal 283)
   defining Unicode char U+011C (decimal 284)
   defining Unicode char U+011D (decimal 285)
   defining Unicode char U+011E (decimal 286)
   defining Unicode char U+011F (decimal 287)
   defining Unicode char U+0120 (decimal 288)
   defining Unicode char U+0121 (decimal 289)
   defining Unicode char U+0122 (decimal 290)
   defining Unicode char U+0123 (decimal 291)
   defining Unicode char U+0124 (decimal 292)
   defining Unicode char U+0125 (decimal 293)
   defining Unicode char U+0128 (decimal 296)
   defining Unicode char U+0129 (decimal 297)
   defining Unicode char U+012A (decimal 298)
   defining Unicode char U+012B (decimal 299)
   defining Unicode char U+012C (decimal 300)
   defining Unicode char U+012D (decimal 301)
   defining Unicode char U+012E (decimal 302)
   defining Unicode char U+012F (decimal 303)
   defining Unicode char U+0130 (decimal 304)
   defining Unicode char U+0131 (decimal 305)
   defining Unicode char U+0132 (decimal 306)
   defining Unicode char U+0133 (decimal 307)
   defining Unicode char U+0134 (decimal 308)
   defining Unicode char U+0135 (decimal 309)
   defining Unicode char U+0136 (decimal 310)
   defining Unicode char U+0137 (decimal 311)
   defining Unicode char U+0139 (decimal 313)
   defining Unicode char U+013A (decimal 314)
   defining Unicode char U+013B (decimal 315)
   defining Unicode char U+013C (decimal 316)
   defining Unicode char U+013D (decimal 317)
   defining Unicode char U+013E (decimal 318)
   defining Unicode char U+0141 (decimal 321)
   defining Unicode char U+0142 (decimal 322)
   defining Unicode char U+0143 (decimal 323)
   defining Unicode char U+0144 (decimal 324)
   defining Unicode char U+0145 (decimal 325)
   defining Unicode char U+0146 (decimal 326)
   defining Unicode char U+0147 (decimal 327)
   defining Unicode char U+0148 (decimal 328)
   defining Unicode char U+014A (decimal 330)
   defining Unicode char U+014B (decimal 331)
   defining Unicode char U+014C (decimal 332)
   defining Unicode char U+014D (decimal 333)
   defining Unicode char U+014E (decimal 334)
   defining Unicode char U+014F (decimal 335)
   defining Unicode char U+0150 (decimal 336)
   defining Unicode char U+0151 (decimal 337)
   defining Unicode char U+0152 (decimal 338)
   defining Unicode char U+0153 (decimal 339)
   defining Unicode char U+0154 (decimal 340)
   defining Unicode char U+0155 (decimal 341)
   defining Unicode char U+0156 (decimal 342)
   defining Unicode char U+0157 (decimal 343)
   defining Unicode char U+0158 (decimal 344)
   defining Unicode char U+0159 (decimal 345)
   defining Unicode char U+015A (decimal 346)
   defining Unicode char U+015B (decimal 347)
   defining Unicode char U+015C (decimal 348)
   defining Unicode char U+015D (decimal 349)
   defining Unicode char U+015E (decimal 350)
   defining Unicode char U+015F (decimal 351)
   defining Unicode char U+0160 (decimal 352)
   defining Unicode char U+0161 (decimal 353)
   defining Unicode char U+0162 (decimal 354)
   defining Unicode char U+0163 (decimal 355)
   defining Unicode char U+0164 (decimal 356)
   defining Unicode char U+0165 (decimal 357)
   defining Unicode char U+0168 (decimal 360)
   defining Unicode char U+0169 (decimal 361)
   defining Unicode char U+016A (decimal 362)
   defining Unicode char U+016B (decimal 363)
   defining Unicode char U+016C (decimal 364)
   defining Unicode char U+016D (decimal 365)
   defining Unicode char U+016E (decimal 366)
   defining Unicode char U+016F (decimal 367)
   defining Unicode char U+0170 (decimal 368)
   defining Unicode char U+0171 (decimal 369)
   defining Unicode char U+0172 (decimal 370)
   defining Unicode char U+0173 (decimal 371)
   defining Unicode char U+0174 (decimal 372)
   defining Unicode char U+0175 (decimal 373)
   defining Unicode char U+0176 (decimal 374)
   defining Unicode char U+0177 (decimal 375)
   defining Unicode char U+0178 (decimal 376)
   defining Unicode char U+0179 (decimal 377)
   defining Unicode char U+017A (decimal 378)
   defining Unicode char U+017B (decimal 379)
   defining Unicode char U+017C (decimal 380)
   defining Unicode char U+017D (decimal 381)
   defining Unicode char U+017E (decimal 382)
   defining Unicode char U+01CD (decimal 461)
   defining Unicode char U+01CE (decimal 462)
   defining Unicode char U+01CF (decimal 463)
   defining Unicode char U+01D0 (decimal 464)
   defining Unicode char U+01D1 (decimal 465)
   defining Unicode char U+01D2 (decimal 466)
   defining Unicode char U+01D3 (decimal 467)
   defining Unicode char U+01D4 (decimal 468)
   defining Unicode char U+01E2 (decimal 482)
   defining Unicode char U+01E3 (decimal 483)
   defining Unicode char U+01E6 (decimal 486)
   defining Unicode char U+01E7 (decimal 487)
   defining Unicode char U+01E8 (decimal 488)
   defining Unicode char U+01E9 (decimal 489)
   defining Unicode char U+01EA (decimal 490)
   defining Unicode char U+01EB (decimal 491)
   defining Unicode char U+01F0 (decimal 496)
   defining Unicode char U+01F4 (decimal 500)
   defining Unicode char U+01F5 (decimal 501)
   defining Unicode char U+0218 (decimal 536)
   defining Unicode char U+0219 (decimal 537)
   defining Unicode char U+021A (decimal 538)
   defining Unicode char U+021B (decimal 539)
   defining Unicode char U+0232 (decimal 562)
   defining Unicode char U+0233 (decimal 563)
   defining Unicode char U+1E02 (decimal 7682)
   defining Unicode char U+1E03 (decimal 7683)
   defining Unicode char U+200C (decimal 8204)
   defining Unicode char U+2010 (decimal 8208)
   defining Unicode char U+2011 (decimal 8209)
   defining Unicode char U+2012 (decimal 8210)
   defining Unicode char U+2013 (decimal 8211)
   defining Unicode char U+2014 (decimal 8212)
   defining Unicode char U+2015 (decimal 8213)
   defining Unicode char U+2018 (decimal 8216)
   defining Unicode char U+2019 (decimal 8217)
   defining Unicode char U+201A (decimal 8218)
   defining Unicode char U+201C (decimal 8220)
   defining Unicode char U+201D (decimal 8221)
   defining Unicode char U+201E (decimal 8222)
   defining Unicode char U+2030 (decimal 8240)
   defining Unicode char U+2031 (decimal 8241)
   defining Unicode char U+2039 (decimal 8249)
   defining Unicode char U+203A (decimal 8250)
   defining Unicode char U+2423 (decimal 9251)
   defining Unicode char U+1E20 (decimal 7712)
   defining Unicode char U+1E21 (decimal 7713)
)
Now handling font encoding OT1 ...
... processing UTF-8 mapping file for font encoding OT1

(/usr/local/texlive/2017/texmf-dist/tex/latex/base/ot1enc.dfu
File: ot1enc.dfu 2017/01/28 v1.1t UTF-8 support for inputenc
   defining Unicode char U+00A0 (decimal 160)
   defining Unicode char U+00A1 (decimal 161)
   defining Unicode char U+00A3 (decimal 163)
   defining Unicode char U+00AD (decimal 173)
   defining Unicode char U+00B8 (decimal 184)
   defining Unicode char U+00BF (decimal 191)
   defining Unicode char U+00C5 (decimal 197)
   defining Unicode char U+00C6 (decimal 198)
   defining Unicode char U+00D8 (decimal 216)
   defining Unicode char U+00DF (decimal 223)
   defining Unicode char U+00E6 (decimal 230)
   defining Unicode char U+00EC (decimal 236)
   defining Unicode char U+00ED (decimal 237)
   defining Unicode char U+00EE (decimal 238)
   defining Unicode char U+00EF (decimal 239)
   defining Unicode char U+00F8 (decimal 248)
   defining Unicode char U+0131 (decimal 305)
   defining Unicode char U+0141 (decimal 321)
   defining Unicode char U+0142 (decimal 322)
   defining Unicode char U+0152 (decimal 338)
   defining Unicode char U+0153 (decimal 339)
   defining Unicode char U+0174 (decimal 372)
   defining Unicode char U+0175 (decimal 373)
   defining Unicode char U+0176 (decimal 374)
   defining Unicode char U+0177 (decimal 375)
   defining Unicode char U+0218 (decimal 536)
   defining Unicode char U+0219 (decimal 537)
   defining Unicode char U+021A (decimal 538)
   defining Unicode char U+021B (decimal 539)
   defining Unicode char U+2013 (decimal 8211)
   defining Unicode char U+2014 (decimal 8212)
   defining Unicode char U+2018 (decimal 8216)
   defining Unicode char U+2019 (decimal 8217)
   defining Unicode char U+201C (decimal 8220)
   defining Unicode char U+201D (decimal 8221)
)
Now handling font encoding OMS ...
... processing UTF-8 mapping file for font encoding OMS

(/usr/local/texlive/2017/texmf-dist/tex/latex/base/omsenc.dfu
File: omsenc.dfu 2017/01/28 v1.1t UTF-8 support for inputenc
   defining Unicode char U+00A7 (decimal 167)
   defining Unicode char U+00B6 (decimal 182)
   defining Unicode char U+00B7 (decimal 183)
   defining Unicode char U+2020 (decimal 8224)
   defining Unicode char U+2021 (decimal 8225)
   defining Unicode char U+2022 (decimal 8226)
)
Now handling font encoding OMX ...
... no UTF-8 mapping file for font encoding OMX
Now handling font encoding U ...
... no UTF-8 mapping file for font encoding U
   defining Unicode char U+00A9 (decimal 169)
   defining Unicode char U+00AA (decimal 170)
   defining Unicode char U+00AE (decimal 174)
   defining Unicode char U+00BA (decimal 186)
   defining Unicode char U+02C6 (decimal 710)
   defining Unicode char U+02DC (decimal 732)
   defining Unicode char U+200C (decimal 8204)
   defining Unicode char U+2026 (decimal 8230)
   defining Unicode char U+2122 (decimal 8482)
   defining Unicode char U+2423 (decimal 9251)
))
(/usr/local/texlive/2017/texmf-dist/tex/latex/amsmath/amsmath.sty
Package: amsmath 2016/11/05 v2.16a AMS math features
\@mathmargin=\skip59

For additional information on amsmath, use the `?' option.
(/usr/local/texlive/2017/texmf-dist/tex/latex/amsmath/amstext.sty
Package: amstext 2000/06/29 v2.01 AMS text

(/usr/local/texlive/2017/texmf-dist/tex/latex/amsmath/amsgen.sty
File: amsgen.sty 1999/11/30 v2.0 generic functions
\@emptytoks=\toks19
\ex@=\dimen109
))
(/usr/local/texlive/2017/texmf-dist/tex/latex/amsmath/amsbsy.sty
Package: amsbsy 1999/11/29 v1.2d Bold Symbols
\pmbraise@=\dimen110
)
(/usr/local/texlive/2017/texmf-dist/tex/latex/amsmath/amsopn.sty
Package: amsopn 2016/03/08 v2.02 operator names
)
\inf@bad=\count93
LaTeX Info: Redefining \frac on input line 213.
\uproot@=\count94
\leftroot@=\count95
LaTeX Info: Redefining \overline on input line 375.
\classnum@=\count96
\DOTSCASE@=\count97
LaTeX Info: Redefining \ldots on input line 472.
LaTeX Info: Redefining \dots on input line 475.
LaTeX Info: Redefining \cdots on input line 596.
\Mathstrutbox@=\box29
\strutbox@=\box30
\big@size=\dimen111
LaTeX Font Info:    Redeclaring font encoding OML on input line 712.
LaTeX Font Info:    Redeclaring font encoding OMS on input line 713.
\macc@depth=\count98
\c@MaxMatrixCols=\count99
\dotsspace@=\muskip10
\c@parentequation=\count100
\dspbrk@lvl=\count101
\tag@help=\toks20
\row@=\count102
\column@=\count103
\maxfields@=\count104
\andhelp@=\toks21
\eqnshift@=\dimen112
\alignsep@=\dimen113
\tagshift@=\dimen114
\tagwidth@=\dimen115
\totwidth@=\dimen116
\lineht@=\dimen117
\@envbody=\toks22
\multlinegap=\skip60
\multlinetaggap=\skip61
\mathdisplay@stack=\toks23
LaTeX Info: Redefining \[ on input line 2817.
LaTeX Info: Redefining \] on input line 2818.
)
(/usr/local/texlive/2017/texmf-dist/tex/latex/amsfonts/amsfonts.sty
Package: amsfonts 2013/01/14 v3.01 Basic AMSFonts support
\symAMSa=\mathgroup4
\symAMSb=\mathgroup5
LaTeX Font Info:    Overwriting math alphabet `\mathfrak' in version `bold'
(Font)                  U/euf/m/n --> U/euf/b/n on input line 106.
)
(/usr/local/texlive/2017/texmf-dist/tex/latex/amscls/amsthm.sty
Package: amsthm 2015/03/04 v2.20.2
\thm@style=\toks24
\thm@bodyfont=\toks25
\thm@headfont=\toks26
\thm@notefont=\toks27
\thm@headpunct=\toks28
\thm@preskip=\skip62
\thm@postskip=\skip63
\thm@headsep=\skip64
\dth@everypar=\toks29
)
(/usr/local/texlive/2017/texmf-dist/tex/latex/amsfonts/amssymb.sty
Package: amssymb 2013/01/14 v3.01 AMS font symbols
)
(/usr/local/texlive/2017/texmf-dist/tex/latex/tools/tabularx.sty
Package: tabularx 2016/02/03 v2.11 `tabularx' package (DPC)
 (./array.sty
Package: array 1998/05/13 v2.3m Tabular extension package (FMi)
\col@sep=\dimen118
\extrarowheight=\dimen119
\NC@list=\toks30
\extratabsurround=\skip65
\backup@length=\skip66
)
\TX@col@width=\dimen120
\TX@old@table=\dimen121
\TX@old@col=\dimen122
\TX@target=\dimen123
\TX@delta=\dimen124
\TX@cols=\count105
\TX@ftn=\toks31
) (/usr/local/texlive/2017/texmf-dist/tex/latex/booktabs/booktabs.sty
Package: booktabs 2016/04/27 v1.618033 publication quality tables
\heavyrulewidth=\dimen125
\lightrulewidth=\dimen126
\cmidrulewidth=\dimen127
\belowrulesep=\dimen128
\belowbottomsep=\dimen129
\aboverulesep=\dimen130
\abovetopsep=\dimen131
\cmidrulesep=\dimen132
\cmidrulekern=\dimen133
\defaultaddspace=\dimen134
\@cmidla=\count106
\@cmidlb=\count107
\@aboverulesep=\dimen135
\@belowrulesep=\dimen136
\@thisruleclass=\count108
\@lastruleclass=\count109
\@thisrulewidth=\dimen137
)
(/usr/local/texlive/2017/texmf-dist/tex/latex/multirow/multirow.sty
Package: multirow 2016/11/25 v2.2 Span multiple rows of a table
\multirow@colwidth=\skip67
\multirow@cntb=\count110
\multirow@dima=\skip68
\bigstrutjot=\dimen138
)
(/usr/local/texlive/2017/texmf-dist/tex/latex/url/url.sty
\Urlmuskip=\muskip11
Package: url 2013/09/16  ver 3.4  Verb mode for urls, etc.
)
(/usr/local/texlive/2017/texmf-dist/tex/latex/caption/caption.sty
Package: caption 2016/02/21 v3.3-144 Customizing captions (AR)

(/usr/local/texlive/2017/texmf-dist/tex/latex/caption/caption3.sty
Package: caption3 2016/05/22 v1.7-166 caption3 kernel (AR)
Package caption3 Info: TeX engine: e-TeX on input line 67.
\captionmargin=\dimen139
\captionmargin@=\dimen140
\captionwidth=\dimen141
\caption@tempdima=\dimen142
\caption@indent=\dimen143
\caption@parindent=\dimen144
\caption@hangindent=\dimen145
)
Package caption Info: KOMA-Script document class.
\c@ContinuedFloat=\count111
)
(/usr/local/texlive/2017/texmf-dist/tex/latex/caption/subcaption.sty
Package: subcaption 2016/05/22 v1.1-161 Sub-captions (AR)
\c@subfigure=\count112
\c@subtable=\count113
)
(/usr/local/texlive/2017/texmf-dist/tex/latex/lipsum/lipsum.sty
Package: lipsum 2014/07/27 v1.3 150 paragraphs of Lorem Ipsum dummy text
\c@lips@count=\count114
)
(/usr/local/texlive/2017/texmf-dist/tex/latex/koma-script/scrpage2.sty
Package: scrpage2 2017/04/13 v3.23 KOMA-Script package (page head and foot)
LaTeX Info: Redefining \pagemark on input line 174.
)
(/usr/local/texlive/2017/texmf-dist/tex/latex/hyperref/hyperref.sty
Package: hyperref 2017/03/14 v6.85a Hypertext links for LaTeX

(/usr/local/texlive/2017/texmf-dist/tex/generic/oberdiek/hobsub-hyperref.sty
Package: hobsub-hyperref 2016/05/16 v1.14 Bundle oberdiek, subset hyperref (HO)


(/usr/local/texlive/2017/texmf-dist/tex/generic/oberdiek/hobsub-generic.sty
Package: hobsub-generic 2016/05/16 v1.14 Bundle oberdiek, subset generic (HO)
Package: hobsub 2016/05/16 v1.14 Construct package bundles (HO)
Package: infwarerr 2016/05/16 v1.4 Providing info/warning/error messages (HO)
Package: ltxcmds 2016/05/16 v1.23 LaTeX kernel commands for general use (HO)
Package: ifluatex 2016/05/16 v1.4 Provides the ifluatex switch (HO)
Package ifluatex Info: LuaTeX not detected.
Package: ifvtex 2016/05/16 v1.6 Detect VTeX and its facilities (HO)
Package ifvtex Info: VTeX not detected.
Package: intcalc 2016/05/16 v1.2 Expandable calculations with integers (HO)
Package: ifpdf 2017/03/15 v3.2 Provides the ifpdf switch
Package: etexcmds 2016/05/16 v1.6 Avoid name clashes with e-TeX commands (HO)
Package etexcmds Info: Could not find \expanded.
(etexcmds)             That can mean that you are not using pdfTeX 1.50 or
(etexcmds)             that some package has redefined \expanded.
(etexcmds)             In the latter case, load this package earlier.
Package: kvsetkeys 2016/05/16 v1.17 Key value parser (HO)
Package: kvdefinekeys 2016/05/16 v1.4 Define keys (HO)
Package: pdftexcmds 2017/03/19 v0.25 Utility functions of pdfTeX for LuaTeX (HO
)
Package pdftexcmds Info: LuaTeX not detected.
Package pdftexcmds Info: \pdf@primitive is available.
Package pdftexcmds Info: \pdf@ifprimitive is available.
Package pdftexcmds Info: \pdfdraftmode found.
Package: pdfescape 2016/05/16 v1.14 Implements pdfTeX's escape features (HO)
Package: bigintcalc 2016/05/16 v1.4 Expandable calculations on big integers (HO
)
Package: bitset 2016/05/16 v1.2 Handle bit-vector datatype (HO)
Package: uniquecounter 2016/05/16 v1.3 Provide unlimited unique counter (HO)
)
Package hobsub Info: Skipping package `hobsub' (already loaded).
Package: letltxmacro 2016/05/16 v1.5 Let assignment for LaTeX macros (HO)
Package: hopatch 2016/05/16 v1.3 Wrapper for package hooks (HO)
Package: xcolor-patch 2016/05/16 xcolor patch
Package: atveryend 2016/05/16 v1.9 Hooks at the very end of document (HO)
Package atveryend Info: \enddocument detected (standard20110627).
Package: atbegshi 2016/06/09 v1.18 At begin shipout hook (HO)
Package: refcount 2016/05/16 v3.5 Data extraction from label references (HO)
Package: hycolor 2016/05/16 v1.8 Color options for hyperref/bookmark (HO)
)
(/usr/local/texlive/2017/texmf-dist/tex/generic/ifxetex/ifxetex.sty
Package: ifxetex 2010/09/12 v0.6 Provides ifxetex conditional
)
(/usr/local/texlive/2017/texmf-dist/tex/latex/oberdiek/auxhook.sty
Package: auxhook 2016/05/16 v1.4 Hooks for auxiliary files (HO)
)
(/usr/local/texlive/2017/texmf-dist/tex/latex/oberdiek/kvoptions.sty
Package: kvoptions 2016/05/16 v3.12 Key value format for package options (HO)
)
\@linkdim=\dimen146
\Hy@linkcounter=\count115
\Hy@pagecounter=\count116

(/usr/local/texlive/2017/texmf-dist/tex/latex/hyperref/pd1enc.def
File: pd1enc.def 2017/03/14 v6.85a Hyperref: PDFDocEncoding definition (HO)
Now handling font encoding PD1 ...
... no UTF-8 mapping file for font encoding PD1
)
\Hy@SavedSpaceFactor=\count117

(/usr/local/texlive/2017/texmf-dist/tex/latex/latexconfig/hyperref.cfg
File: hyperref.cfg 2002/06/06 v1.2 hyperref configuration of TeXLive
)
Package hyperref Info: Hyper figures OFF on input line 4498.
Package hyperref Info: Link nesting OFF on input line 4503.
Package hyperref Info: Hyper index ON on input line 4506.
Package hyperref Info: Plain pages OFF on input line 4513.
Package hyperref Info: Backreferencing OFF on input line 4518.
Package hyperref Info: Implicit mode ON; LaTeX internals redefined.
Package hyperref Info: Bookmarks ON on input line 4751.
\c@Hy@tempcnt=\count118
LaTeX Info: Redefining \url on input line 5104.
\XeTeXLinkMargin=\dimen147
\Fld@menulength=\count119
\Field@Width=\dimen148
\Fld@charsize=\dimen149
Package hyperref Info: Hyper figures OFF on input line 6358.
Package hyperref Info: Link nesting OFF on input line 6363.
Package hyperref Info: Hyper index ON on input line 6366.
Package hyperref Info: backreferencing OFF on input line 6373.
Package hyperref Info: Link coloring OFF on input line 6378.
Package hyperref Info: Link coloring with OCG OFF on input line 6383.
Package hyperref Info: PDF/A mode OFF on input line 6388.
LaTeX Info: Redefining \ref on input line 6428.
LaTeX Info: Redefining \pageref on input line 6432.
\Hy@abspage=\count120
\c@Item=\count121
\c@Hfootnote=\count122
)

Package hyperref Message: Driver (autodetected): hpdftex.

(/usr/local/texlive/2017/texmf-dist/tex/latex/hyperref/hpdftex.def
File: hpdftex.def 2017/03/14 v6.85a Hyperref driver for pdfTeX
\Fld@listcount=\count123
\c@bookmark@seq@number=\count124

(/usr/local/texlive/2017/texmf-dist/tex/latex/oberdiek/rerunfilecheck.sty
Package: rerunfilecheck 2016/05/16 v1.8 Rerun checks for auxiliary files (HO)
Package uniquecounter Info: New unique counter `rerunfilecheck' on input line 2
82.
)
\Hy@SectionHShift=\skip69
)
(/usr/local/texlive/2017/texmf-dist/tex/latex/cleveref/cleveref.sty
Package: cleveref 2013/12/28 v0.19 Intelligent cross-referencing
Package cleveref Info: `hyperref' support loaded on input line 2230.
LaTeX Info: Redefining \cref on input line 2230.
LaTeX Info: Redefining \Cref on input line 2230.
LaTeX Info: Redefining \crefrange on input line 2230.
LaTeX Info: Redefining \Crefrange on input line 2230.
LaTeX Info: Redefining \cpageref on input line 2230.
LaTeX Info: Redefining \Cpageref on input line 2230.
LaTeX Info: Redefining \cpagerefrange on input line 2230.
LaTeX Info: Redefining \Cpagerefrange on input line 2230.
LaTeX Info: Redefining \labelcref on input line 2230.
LaTeX Info: Redefining \labelcpageref on input line 2230.
Package cleveref Info: `amsthm' support loaded on input line 2858.
Package cleveref Info: always capitalise cross-reference names on input line 74
70.
Package cleveref Info: include cross-reference names in hyperlinks on input lin
e 7476.
Package cleveref Info: always capitalise cross-reference names on input line 74
93.
Package cleveref Info: include cross-reference names in hyperlinks on input lin
e 7493.
)
(/usr/local/texlive/2017/texmf-dist/tex/latex/graphics/graphicx.sty
Package: graphicx 2014/10/28 v1.0g Enhanced LaTeX Graphics (DPC,SPQR)

(/usr/local/texlive/2017/texmf-dist/tex/latex/graphics/graphics.sty
Package: graphics 2017/04/14 v1.1b Standard LaTeX Graphics (DPC,SPQR)

(/usr/local/texlive/2017/texmf-dist/tex/latex/graphics/trig.sty
Package: trig 2016/01/03 v1.10 sin cos tan (DPC)
)
(/usr/local/texlive/2017/texmf-dist/tex/latex/graphics-cfg/graphics.cfg
File: graphics.cfg 2016/06/04 v1.11 sample graphics configuration
)
Package graphics Info: Driver file: pdftex.def on input line 99.

(/usr/local/texlive/2017/texmf-dist/tex/latex/graphics-def/pdftex.def
File: pdftex.def 2017/01/12 v0.06k Graphics/color for pdfTeX
\Gread@gobject=\count125
))
\Gin@req@height=\dimen150
\Gin@req@width=\dimen151
)
(./algorithm2e.sty
Package: algorithm2e 2008/00/00 v3.10 algorithms environments
\c@AlgoLine=\count126

(/usr/local/texlive/2017/texmf-dist/tex/latex/base/ifthen.sty
Package: ifthen 2014/09/29 v1.1c Standard LaTeX ifthen package (DPC)
)
(/usr/local/texlive/2017/texmf-dist/tex/latex/tools/xspace.sty
Package: xspace 2014/10/28 v1.13 Space after command names (DPC,MH)
)
(/usr/local/texlive/2017/texmf-dist/tex/latex/relsize/relsize.sty
Package: relsize 2013/03/29 ver 4.1
)
********************************************************
Package `algorithm2e' Release 4.01 -- december 14 2009 --
- algorithm2e-announce@lirmm.fr mailing list for announcement about releases
- algorithm2e-discussion@lirmm.fr mailing list for discussion about package
subscribe by emailing sympa@lirmm.fr with 'subscribe <list> <firstname name>'
- Author: Christophe Fiorio (fiorio@lirmm.fr)
********************************************************
\skiptotal=\skip70
\skiplinenumber=\skip71
\skiprule=\skip72
\skiphlne=\skip73
\skiptext=\skip74
\skiplength=\skip75
\algomargin=\skip76
\skipalgocfslide=\skip77
\algowidth=\dimen152
\inoutsize=\dimen153
\inoutline=\dimen154
\interspacetitleruled=\dimen155
\interspacealgoruled=\dimen156
\interspacetitleboxruled=\dimen157
\algocf@inoutbox=\box31
\algocf@inputbox=\box32
\AlCapSkip=\skip78
\AlCapHSkip=\skip79
\algocf@nlbox=\box33
\algocf@hangingbox=\box34
\algocf@capbox=\box35
\algoheightruledefault=\skip80
\algoheightrule=\skip81
\algotitleheightruledefault=\skip82
\algotitleheightrule=\skip83
\c@algocfline=\count127
\c@algocfproc=\count128
\c@algocf=\count129
\algocf@algoframe=\box36
\algocf@algobox=\box37
) (/usr/local/texlive/2017/texmf-dist/tex/latex/psnfss/times.sty
Package: times 2005/04/12 PSNFSS-v9.2a (SPQR) 
)
(/usr/local/texlive/2017/texmf-dist/tex/latex/graphics/epsfig.sty
Package: epsfig 1999/02/16 v1.7a (e)psfig emulation (SPQR)
\epsfxsize=\dimen158
\epsfysize=\dimen159
)
(/usr/local/texlive/2017/texmf-dist/tex/latex/stmaryrd/stmaryrd.sty
Package: stmaryrd 1994/03/03 St Mary's Road symbol package
\symstmry=\mathgroup6
LaTeX Font Info:    Overwriting symbol font `stmry' in version `bold'
(Font)                  U/stmry/m/n --> U/stmry/b/n on input line 89.
)
(./balance.sty
Package: balance 1999/02/23 4.3 (PWD)
\oldvsize=\dimen160
)
(/usr/local/texlive/2017/texmf-dist/tex/latex/graphics/color.sty
Package: color 2016/07/10 v1.1e Standard LaTeX Color (DPC)

(/usr/local/texlive/2017/texmf-dist/tex/latex/graphics-cfg/color.cfg
File: color.cfg 2016/01/02 v1.6 sample color configuration
)
Package color Info: Driver file: pdftex.def on input line 147.
)
(/usr/local/texlive/2017/texmf-dist/tex/latex/oberdiek/epstopdf.sty
Package: epstopdf 2016/05/15 v2.6 Conversion with epstopdf on the fly (HO)

(/usr/local/texlive/2017/texmf-dist/tex/latex/oberdiek/epstopdf-base.sty
Package: epstopdf-base 2016/05/15 v2.6 Base part for package epstopdf

(/usr/local/texlive/2017/texmf-dist/tex/latex/oberdiek/grfext.sty
Package: grfext 2016/05/16 v1.2 Manage graphics extensions (HO)
)
Package epstopdf-base Info: Redefining graphics rule for `.eps' on input line 4
38.
Package grfext Info: Graphics extension search list:
(grfext)             [.png,.pdf,.jpg,.mps,.jpeg,.jbig2,.jb2,.PNG,.PDF,.JPG,.JPE
G,.JBIG2,.JB2,.eps]
(grfext)             \AppendGraphicsExtensions on input line 456.

(/usr/local/texlive/2017/texmf-dist/tex/latex/latexconfig/epstopdf-sys.cfg
File: epstopdf-sys.cfg 2010/07/13 v1.3 Configuration of (r)epstopdf for TeX Liv
e
)))
(/usr/local/texlive/2017/texmf-dist/tex/latex/ms/ragged2e.sty
Package: ragged2e 2009/05/21 v2.1 ragged2e Package (MS)

(/usr/local/texlive/2017/texmf-dist/tex/latex/ms/everysel.sty
Package: everysel 2011/10/28 v1.2 EverySelectfont Package (MS)
)
\CenteringLeftskip=\skip84
\RaggedLeftLeftskip=\skip85
\RaggedRightLeftskip=\skip86
\CenteringRightskip=\skip87
\RaggedLeftRightskip=\skip88
\RaggedRightRightskip=\skip89
\CenteringParfillskip=\skip90
\RaggedLeftParfillskip=\skip91
\RaggedRightParfillskip=\skip92
\JustifyingParfillskip=\skip93
\CenteringParindent=\skip94
\RaggedLeftParindent=\skip95
\RaggedRightParindent=\skip96
\JustifyingParindent=\skip97
)
(/usr/local/texlive/2017/texmf-dist/tex/latex/setspace/setspace.sty
Package: setspace 2011/12/19 v6.7a set line spacing
)
(/usr/local/texlive/2017/texmf-dist/tex/latex/enumitem/enumitem.sty
Package: enumitem 2011/09/28 v3.5.2 Customized lists
\labelindent=\skip98
\enit@outerparindent=\dimen161
\enit@toks=\toks32
\enit@inbox=\box38
\enitdp@description=\count130
)
(/usr/local/texlive/2017/texmf-dist/tex/latex/float/float.sty
Package: float 2001/11/08 v1.3d Float enhancements (AL)
\c@float@type=\count131
\float@exts=\toks33
\float@box=\box39
\@float@everytoks=\toks34
\@floatcapt=\box40
)
(/usr/local/texlive/2017/texmf-dist/tex/latex/morefloats/morefloats.sty
Package: morefloats 2015/07/22 v1.0h Raise limit of unprocessed floats (HMM)
Package morefloats Info: Maximum number of possible floats asked for: 36
(morefloats)             (i.e. 18 more floats).
(morefloats)             LaTeX might run out of memory before this
(morefloats)             (in which case it will notify you).
)
(/usr/local/texlive/2017/texmf-dist/tex/latex/nowidow/nowidow.sty
Package: nowidow 2011/09/20 1.0 Easily prevent widows and orphans
Package: nowidow 
)
(/usr/local/texlive/2017/texmf-dist/tex/latex/psnfss/pifont.sty
Package: pifont 2005/04/12 PSNFSS-v9.2a Pi font support (SPQR) 
LaTeX Font Info:    Try loading font information for U+pzd on input line 63.

(/usr/local/texlive/2017/texmf-dist/tex/latex/psnfss/upzd.fd
File: upzd.fd 2001/06/04 font definitions for U/pzd.
)
LaTeX Font Info:    Try loading font information for U+psy on input line 64.

(/usr/local/texlive/2017/texmf-dist/tex/latex/psnfss/upsy.fd
File: upsy.fd 2001/06/04 font definitions for U/psy.
))
(/usr/local/texlive/2017/texmf-dist/tex/latex/mwe/mwe.sty
Package: mwe 2012/05/15 v0.3 Package to support minimal working examples (MWE)

(/usr/local/texlive/2017/texmf-dist/tex/latex/blindtext/blindtext.sty
Package: blindtext 2012/01/06 V2.0 blindtext-Package
\c@blindtext=\count132
\c@Blindtext=\count133
\c@blind@countparstart=\count134
\blind@countxx=\count135
\blindtext@numBlindtext=\count136
\blind@countyy=\count137
\c@blindlist=\count138
\c@blindlistlevel=\count139
\c@blindlist@level=\count140
\blind@listitem=\count141
\c@blind@listcount=\count142
\c@blind@levelcount=\count143
\blind@mathformula=\count144
\blind@Mathformula=\count145
\c@blind@randomcount=\count146
\c@blind@randommax=\count147
\c@blind@pangramcount=\count148
\c@blind@pangrammax=\count149
))
(/usr/local/texlive/2017/texmf-dist/tex/latex/geometry/geometry.sty
Package: geometry 2010/09/12 v5.6 Page Geometry
\Gm@cnth=\count150
\Gm@cntv=\count151
\c@Gm@tempcnt=\count152
\Gm@bindingoffset=\dimen162
\Gm@wd@mp=\dimen163
\Gm@odd@mp=\dimen164
\Gm@even@mp=\dimen165
\Gm@layoutwidth=\dimen166
\Gm@layoutheight=\dimen167
\Gm@layouthoffset=\dimen168
\Gm@layoutvoffset=\dimen169
\Gm@dimlist=\toks35
)
Package hyperref Info: Option `colorlinks' set `false' on input line 93.
)
(./Dissertation.aux

LaTeX Warning: Label `fig:esnetTopo' multiply defined.


LaTeX Warning: Label `fig:esnetTopo@cref' multiply defined.


LaTeX Warning: Label `fig:palinBlock' multiply defined.


LaTeX Warning: Label `fig:palinBlock@cref' multiply defined.


LaTeX Warning: Label `fig:ipathIllustration' multiply defined.


LaTeX Warning: Label `fig:ipathIllustration@cref' multiply defined.


LaTeX Warning: Label `chapter:c6' multiply defined.


LaTeX Warning: Label `chapter:c6@cref' multiply defined.

)
\openout1 = `Dissertation.aux'.

LaTeX Font Info:    Checking defaults for OML/cmm/m/it on input line 6.
LaTeX Font Info:    ... okay on input line 6.
LaTeX Font Info:    Checking defaults for T1/cmr/m/n on input line 6.
LaTeX Font Info:    ... okay on input line 6.
LaTeX Font Info:    Checking defaults for OT1/cmr/m/n on input line 6.
LaTeX Font Info:    ... okay on input line 6.
LaTeX Font Info:    Checking defaults for OMS/cmsy/m/n on input line 6.
LaTeX Font Info:    ... okay on input line 6.
LaTeX Font Info:    Checking defaults for OMX/cmex/m/n on input line 6.
LaTeX Font Info:    ... okay on input line 6.
LaTeX Font Info:    Checking defaults for U/cmr/m/n on input line 6.
LaTeX Font Info:    ... okay on input line 6.
LaTeX Font Info:    Checking defaults for PD1/pdf/m/n on input line 6.
LaTeX Font Info:    ... okay on input line 6.
LaTeX Font Info:    Try loading font information for OT1+ptm on input line 6.
 (/usr/local/texlive/2017/texmf-dist/tex/latex/psnfss/ot1ptm.fd
File: ot1ptm.fd 2001/06/04 font definitions for OT1/ptm.
)
LaTeX Info: Redefining \microtypecontext on input line 6.
Package microtype Info: Generating PDF output.
Package microtype Info: Character protrusion enabled (level 2).
Package microtype Info: Using default protrusion set `alltext'.
Package microtype Info: Automatic font expansion enabled (level 2),
(microtype)             stretch: 20, shrink: 20, step: 1, non-selected.
Package microtype Info: Using default expansion set `basictext'.
Package microtype Info: No adjustment of tracking.
Package microtype Info: No adjustment of interword spacing.
Package microtype Info: No adjustment of character kerning.

(/usr/local/texlive/2017/texmf-dist/tex/latex/microtype/mt-ptm.cfg
File: mt-ptm.cfg 2006/04/20 v1.7 microtype config. file: Times (RS)
)
Package caption Info: Begin \AtBeginDocument code.
Package caption Info: float package is loaded.
Package caption Info: hyperref package is loaded.
Package caption Info: End \AtBeginDocument code.
\AtBeginShipoutBox=\box41
Package hyperref Info: Link coloring OFF on input line 6.

(/usr/local/texlive/2017/texmf-dist/tex/latex/hyperref/nameref.sty
Package: nameref 2016/05/21 v2.44 Cross-referencing by name of section

(/usr/local/texlive/2017/texmf-dist/tex/generic/oberdiek/gettitlestring.sty
Package: gettitlestring 2016/05/16 v1.5 Cleanup title references (HO)
)
\c@section@level=\count153
)
LaTeX Info: Redefining \ref on input line 6.
LaTeX Info: Redefining \pageref on input line 6.
LaTeX Info: Redefining \nameref on input line 6.

(./Dissertation.out) (./Dissertation.out)
\@outlinefile=\write3
\openout3 = `Dissertation.out'.


(/usr/local/texlive/2017/texmf-dist/tex/context/base/mkii/supp-pdf.mkii
[Loading MPS to PDF converter (version 2006.09.02).]
\scratchcounter=\count154
\scratchdimen=\dimen170
\scratchbox=\box42
\nofMPsegments=\count155
\nofMParguments=\count156
\everyMPshowfont=\toks36
\MPscratchCnt=\count157
\MPscratchDim=\dimen171
\MPnumerator=\count158
\makeMPintoPDFobject=\count159
\everyMPtoPDFconversion=\toks37
) ABD: EverySelectfont initializing macros
LaTeX Info: Redefining \selectfont on input line 6.

*geometry* driver: auto-detecting
*geometry* detected driver: pdftex
*geometry* verbose mode - [ preamble ] result:
* driver: pdftex
* paper: letterpaper
* layout: <same size as paper>
* layoutoffset:(h,v)=(0.0pt,0.0pt)
* modes: includehead includefoot 
* h-part:(L,W,R)=(108.405pt, 433.62001pt, 72.26999pt)
* v-part:(T,H,B)=(72.26999pt, 650.43001pt, 72.26999pt)
* \paperwidth=614.295pt
* \paperheight=794.96999pt
* \textwidth=433.62001pt
* \textheight=596.05501pt
* \oddsidemargin=36.13501pt
* \evensidemargin=36.13501pt
* \topmargin=0.0pt
* \headheight=18.125pt
* \headsep=21.75pt
* \topskip=12.0pt
* \footskip=14.5pt
* \marginparwidth=49.79233pt
* \marginparsep=12.8401pt
* \columnsep=10.0pt
* \skip\footins=10.8pt plus 4.0pt minus 2.0pt
* \hoffset=0.0pt
* \voffset=0.0pt
* \mag=1000
* \@twocolumnfalse
* \@twosidefalse
* \@mparswitchfalse
* \@reversemarginfalse
* (1in=72.27pt=25.4mm, 1cm=28.453pt)

LaTeX Font Info:    Font shape `OT1/ptm/bx/n' in size <12> not available
(Font)              Font shape `OT1/ptm/b/n' tried instead on input line 10.
LaTeX Font Info:    Font shape `OT1/ptm/bx/n' in size <14.4> not available
(Font)              Font shape `OT1/ptm/b/n' tried instead on input line 10.
(./docs/abstract.tex)
(/usr/local/texlive/2017/texmf-dist/tex/latex/microtype/mt-cmr.cfg
File: mt-cmr.cfg 2013/05/19 v2.2 microtype config. file: Computer Modern Roman 
(RS)
)
LaTeX Font Info:    Try loading font information for U+msa on input line 14.

(/usr/local/texlive/2017/texmf-dist/tex/latex/amsfonts/umsa.fd
File: umsa.fd 2013/01/14 v3.01 AMS symbols A
)
(/usr/local/texlive/2017/texmf-dist/tex/latex/microtype/mt-msa.cfg
File: mt-msa.cfg 2006/02/04 v1.1 microtype config. file: AMS symbols (a) (RS)
)
LaTeX Font Info:    Try loading font information for U+msb on input line 14.

(/usr/local/texlive/2017/texmf-dist/tex/latex/amsfonts/umsb.fd
File: umsb.fd 2013/01/14 v3.01 AMS symbols B
)
(/usr/local/texlive/2017/texmf-dist/tex/latex/microtype/mt-msb.cfg
File: mt-msb.cfg 2005/06/01 v1.0 microtype config. file: AMS symbols (b) (RS)
)
LaTeX Font Info:    Try loading font information for U+stmry on input line 14.

(/usr/local/texlive/2017/texmf-dist/tex/latex/stmaryrd/Ustmry.fd)
Overfull \vbox (7.67189pt too high) has occurred while \output is active []


[1



{/usr/local/texlive/2017/texmf-var/fonts/map/pdftex/updmap/pdftex.map}]
Overfull \vbox (7.67189pt too high) has occurred while \output is active []


[2] (./docs/acknowledgments.tex) [3


]
Package tocbasic Info: character protrusion at toc deactivated on input line 19
.
 (./Dissertation.toc
LaTeX Font Info:    Try loading font information for OT1+phv on input line 1.

(/usr/local/texlive/2017/texmf-dist/tex/latex/psnfss/ot1phv.fd
File: ot1phv.fd 2001/06/04 scalable font definitions for OT1/phv.
)
Package microtype Info: Loading generic settings for font family
(microtype)             `phv' (encoding: OT1).
(microtype)             For optimal results, create family-specific settings.
(microtype)             See the microtype manual for details.
LaTeX Font Info:    Font shape `OT1/phv/bx/n' in size <12> not available
(Font)              Font shape `OT1/phv/b/n' tried instead on input line 1.
 [4


] [5])
\tf@toc=\write4
\openout4 = `Dissertation.toc'.


[6]
Package tocbasic Info: character protrusion at lot deactivated on input line 20
.
 (./Dissertation.lot)
\tf@lot=\write5
\openout5 = `Dissertation.lot'.

 [7


]
Package tocbasic Info: character protrusion at lof deactivated on input line 21
.
 (./Dissertation.lof [8


]
./Dissertation.lof:33: Misplaced alignment tab character &.
<argument> ...rtest path, Bhandari shortest path &
                                                   Risk aware IPDSP for fail...
l.33 ...or failure\relax }}{53}{figure.caption.41}
                                                  
? q
OK, entering \batchmode...
./Dissertation.lof:34: Misplaced alignment tab character &.
<argument> ...rtest path, Bhandari shortest path &
                                                   Risk aware PDID for block...
l.34 ...onnections\relax }}{54}{figure.caption.42}
                                                  
I can't figure out why you would want to use a tab mark
here. If you just want an ampersand, the remedy is
simple: Just type `I\&' now. But if some right brace
up above has ended a previous alignment prematurely,
you're probably due for more error messages, and you
might try typing `S' now just to see what is salvageable.

)
\tf@lof=\write6
\openout6 = `Dissertation.lof'.


Overfull \vbox (7.67189pt too high) has occurred while \output is active []

 [9]
chapter 1.

Class scrbook Warning: \float@addtolists detected!
(scrbook)              Implementation of \float@addtolist became
(scrbook)              deprecated in KOMA-Script v3.01 2008/11/14 and
(scrbook)              has been replaced by several more flexible
(scrbook)              features of package `tocbasic`.
(scrbook)              Since Version 3.12 support for deprecated
(scrbook)              \float@addtolist interface has been
(scrbook)              restricted to only some of the KOMA-Script
(scrbook)              features and been removed from others.
(scrbook)              Loading of package `scrhack' may help to
(scrbook)              avoid this warning, if you are using a
(scrbook)              a package that still implements the
(scrbook)              deprecated \float@addtolist interface .

 (./chapter1/Introduction.tex
Overfull \vbox (7.67189pt too high) has occurred while \output is active []

 [0



]
Overfull \vbox (7.67189pt too high) has occurred while \output is active []

pdfTeX warning (ext4): destination with the same identifier (name{page.1}) has 
been already used, duplicate ignored
<to be read again> 
                   \relax 
l.20 
      [1]
Overfull \vbox (7.67189pt too high) has occurred while \output is active []

pdfTeX warning (ext4): destination with the same identifier (name{page.2}) has 
been already used, duplicate ignored
<to be read again> 
                   \relax 
l.30 
      [2])pdfTeX warning (ext4): destination with the same identifier (name{pag
e.3}) has been already used, duplicate ignored
<to be read again> 
                   \relax 
l.40 \chapter
             [\chapterTwoName]{\MakeUppercase\chapterTwoName} \label{chapter...
 [3]
chapter 2.
 (./chapter2/c2.tex
Overfull \vbox (7.67189pt too high) has occurred while \output is active []

pdfTeX warning (ext4): destination with the same identifier (name{page.4}) has 
been already used, duplicate ignored
<to be read again> 
                   \relax 
l.27 \item S
            cheduling the resources [4


]
<./figs/chapter2/fig1.pdf, id=520, 794.97pt x 614.295pt>
File: ./figs/chapter2/fig1.pdf Graphic file (type pdf)
 <use ./figs/chapter2/fig1.pdf>
Package pdftex.def Info: ./figs/chapter2/fig1.pdf used on input line 42.
(pdftex.def)             Requested size: 195.12767pt x 195.13222pt.

<./figs/chapter2/fig2.pdf, id=522, 794.97pt x 614.295pt>
File: ./figs/chapter2/fig2.pdf Graphic file (type pdf)
 <use ./figs/chapter2/fig2.pdf>
Package pdftex.def Info: ./figs/chapter2/fig2.pdf used on input line 49.
(pdftex.def)             Requested size: 195.12767pt x 112.19702pt.
LaTeX Font Info:    Font shape `OT1/ptm/bx/n' in size <10.95> not available
(Font)              Font shape `OT1/ptm/b/n' tried instead on input line 54.
LaTeX Font Info:    Font shape `OT1/ptm/bx/it' in size <10.95> not available
(Font)              Font shape `OT1/ptm/b/it' tried instead on input line 54.

Overfull \vbox (7.67189pt too high) has occurred while \output is active []

pdfTeX warning (ext4): destination with the same identifier (name{page.5}) has 
been already used, duplicate ignored
<to be read again> 
                   \relax 
l.68 
      [5]
Overfull \vbox (7.67189pt too high) has occurred while \output is active []

pdfTeX warning (ext4): destination with the same identifier (name{page.6}) has 
been already used, duplicate ignored
<to be read again> 
                   \relax 
l.71 
      [6 <./figs/chapter2/fig1.pdf> <./figs/chapter2/fig2.pdf>]
LaTeX Font Info:    Try loading font information for OMS+ptm on input line 72.

(/usr/local/texlive/2017/texmf-dist/tex/latex/psnfss/omsptm.fd
File: omsptm.fd 
)
LaTeX Font Info:    Font shape `OMS/ptm/m/n' in size <12> not available
(Font)              Font shape `OMS/cmsy/m/n' tried instead on input line 72.

Overfull \vbox (7.67189pt too high) has occurred while \output is active []

pdfTeX warning (ext4): destination with the same identifier (name{page.7}) has 
been already used, duplicate ignored
<to be read again> 
                   \relax 
l.80 \item{
           \textbf{Plumbing Specification: }} OSCARS is so flexible that it ...
 [7]
Overfull \vbox (7.67189pt too high) has occurred while \output is active []

pdfTeX warning (ext4): destination with the same identifier (name{page.8}) has 
been already used, duplicate ignored
<to be read again> 
                   \relax 
l.138 \end{table}
                  [8]
<./figs/chapter2/fig3.png, id=578, 616.3025pt x 628.3475pt>
File: ./figs/chapter2/fig3.png Graphic file (type png)
 <use ./figs/chapter2/fig3.png>
Package pdftex.def Info: ./figs/chapter2/fig3.png used on input line 161.
(pdftex.def)             Requested size: 426.80084pt x 426.79126pt.

Overfull \vbox (7.67189pt too high) has occurred while \output is active []

pdfTeX warning (ext4): destination with the same identifier (name{page.9}) has 
been already used, duplicate ignored
<to be read again> 
                   \relax 
l.168 \indent
              Traffic Generator mainly comprises of two major components, tr...
 [9]
Overfull \vbox (7.67189pt too high) has occurred while \output is active []

 [10 <./figs/chapter2/fig3.png>]
Overfull \vbox (7.67189pt too high) has occurred while \output is active []

 [11]
Overfull \vbox (7.67189pt too high) has occurred while \output is active []

 [12]
Overfull \vbox (7.67189pt too high) has occurred while \output is active []

 [13]

./chapter2/c2.tex:241: Package inputenc Error: Keyboard character used is undef
ined
(inputenc)                in inputencoding `utf8'.

See the inputenc package documentation for explanation.
Type  H <return>  for immediate help.
 ...                                              
                                                  
l.241 ...c failure and notify only those switches
                                                  [14]. Many complex techniq...

You need to provide a definition with \DeclareInputText 
or \DeclareInputMath before using this key.


./chapter2/c2.tex:244: Package inputenc Error: Keyboard character used is undef
ined
(inputenc)                in inputencoding `utf8'.

See the inputenc package documentation for explanation.
Type  H <return>  for immediate help.
 ...                                              
                                                  
l.244 ...two general failure recovery approaches,
                                                  \textit{ protection andre...

You need to provide a definition with \DeclareInputText 
or \DeclareInputMath before using this key.


./chapter2/c2.tex:244: Package inputenc Error: Keyboard character used is undef
ined
(inputenc)                in inputencoding `utf8'.

See the inputenc package documentation for explanation.
Type  H <return>  for immediate help.
 ...                                              
                                                  
l.244 ...es,\textit{ protection andrestoration.}
                                                  
You need to provide a definition with \DeclareInputText 
or \DeclareInputMath before using this key.


Overfull \vbox (7.67189pt too high) has occurred while \output is active []

 [14]

./chapter2/c2.tex:258: Package inputenc Error: Keyboard character used is undef
ined
(inputenc)                in inputencoding `utf8'.

See the inputenc package documentation for explanation.
Type  H <return>  for immediate help.
 ...                                              
                                                  
l.258 ... primary and backup path(s) in advance. 
                                                  
You need to provide a definition with \DeclareInputText 
or \DeclareInputMath before using this key.


Overfull \vbox (7.67189pt too high) has occurred while \output is active []

 [15]
<./figs/chapter2/fig4.png, id=636, 457.71pt x 229.85875pt>
File: ./figs/chapter2/fig4.png Graphic file (type png)
 <use ./figs/chapter2/fig4.png>
Package pdftex.def Info: ./figs/chapter2/fig4.png used on input line 268.
(pdftex.def)             Requested size: 170.71194pt x 170.72412pt.

Overfull \hbox (31.95038pt too wide) in paragraph at lines 268--269
 [][] 
 []


<./figs/chapter2/fig5.png, id=637, 461.725pt x 228.855pt>
File: ./figs/chapter2/fig5.png Graphic file (type png)
 <use ./figs/chapter2/fig5.png>
Package pdftex.def Info: ./figs/chapter2/fig5.png used on input line 275.
(pdftex.def)             Requested size: 170.7158pt x 170.72241pt.

Overfull \hbox (31.95424pt too wide) in paragraph at lines 275--276
 [][] 
 []


<./figs/chapter2/fig6.png, id=639, 460.72125pt x 234.8775pt>
File: ./figs/chapter2/fig6.png Graphic file (type png)
 <use ./figs/chapter2/fig6.png>
Package pdftex.def Info: ./figs/chapter2/fig6.png used on input line 282.
(pdftex.def)             Requested size: 170.71024pt x 170.71727pt.

Overfull \hbox (31.94867pt too wide) in paragraph at lines 282--283
 [][] 
 []


<./figs/chapter2/fig7.png, id=640, 468.75125pt x 260.975pt>
File: ./figs/chapter2/fig7.png Graphic file (type png)
 <use ./figs/chapter2/fig7.png>
Package pdftex.def Info: ./figs/chapter2/fig7.png used on input line 289.
(pdftex.def)             Requested size: 170.71011pt x 170.71887pt.

Overfull \hbox (31.94855pt too wide) in paragraph at lines 289--290
 [][] 
 []


Overfull \vbox (7.67189pt too high) has occurred while \output is active []

 [16]
Overfull \vbox (7.67189pt too high) has occurred while \output is active []

 [17 <./figs/chapter2/fig5.png> <./figs/chapter2/fig7.png> <./figs/chapter2/fig
4.png> <./figs/chapter2/fig6.png>]
<./figs/chapter2/fig8.png, id=656, 483.8075pt x 271.0125pt>
File: ./figs/chapter2/fig8.png Graphic file (type png)
 <use ./figs/chapter2/fig8.png>
Package pdftex.def Info: ./figs/chapter2/fig8.png used on input line 311.
(pdftex.def)             Requested size: 170.71565pt x 170.72223pt.

Overfull \hbox (31.95409pt too wide) in paragraph at lines 311--312
 [][] 
 []


<./figs/chapter2/fig9.png, id=657, 491.8375pt x 231.86626pt>
File: ./figs/chapter2/fig9.png Graphic file (type png)
 <use ./figs/chapter2/fig9.png>
Package pdftex.def Info: ./figs/chapter2/fig9.png used on input line 318.
(pdftex.def)             Requested size: 170.71228pt x 170.7186pt.

Overfull \hbox (31.95071pt too wide) in paragraph at lines 318--319
 [][] 
 []


<./figs/chapter2/fig10.png, id=659, 454.69875pt x 234.8775pt>
File: ./figs/chapter2/fig10.png Graphic file (type png)
 <use ./figs/chapter2/fig10.png>
Package pdftex.def Info: ./figs/chapter2/fig10.png used on input line 325.
(pdftex.def)             Requested size: 170.71974pt x 170.71727pt.

Overfull \hbox (31.95818pt too wide) in paragraph at lines 325--326
 [][] 
 []


<./figs/chapter2/fig11.png, id=661, 477.785pt x 239.89626pt>
File: ./figs/chapter2/fig11.png Graphic file (type png)
 <use ./figs/chapter2/fig11.png>
Package pdftex.def Info: ./figs/chapter2/fig11.png used on input line 339.
(pdftex.def)             Requested size: 227.62094pt x 227.6256pt.

Overfull \vbox (7.67189pt too high) has occurred while \output is active []

 [18 <./figs/chapter2/fig9.png> <./figs/chapter2/fig10.png> <./figs/chapter2/fi
g8.png>]) [19 <./figs/chapter2/fig11.png>]
chapter 3.
 (./chapter3/c3.tex <./figs/fig12.png, id=676, 1171.37625pt x 498.86375pt>
File: ./figs/fig12.png Graphic file (type png)
 <use ./figs/fig12.png>
Package pdftex.def Info: ./figs/fig12.png used on input line 12.
(pdftex.def)             Requested size: 426.78914pt x 284.53798pt.

Overfull \vbox (7.67189pt too high) has occurred while \output is active []

 [20


 <./figs/fig12.png>]
Overfull \vbox (7.67189pt too high) has occurred while \output is active []

 [21]
Overfull \vbox (7.67189pt too high) has occurred while \output is active []

 [22] <./figs/fig13.png, id=700, 820.06375pt x 586.19pt>
File: ./figs/fig13.png Graphic file (type png)
 <use ./figs/fig13.png>
Package pdftex.def Info: ./figs/fig13.png used on input line 58.
(pdftex.def)             Requested size: 341.43378pt x 227.62033pt.

Overfull \vbox (7.67189pt too high) has occurred while \output is active []

 [23 <./figs/fig13.png>]
Overfull \vbox (7.67189pt too high) has occurred while \output is active []

 [24] <./figs/fig14.png, id=716, 738.76pt x 540.0175pt>
File: ./figs/fig14.png Graphic file (type png)
 <use ./figs/fig14.png>
Package pdftex.def Info: ./figs/fig14.png used on input line 96.
(pdftex.def)             Requested size: 284.53056pt x 227.62155pt.

Underfull \hbox (badness 10000) in paragraph at lines 93--99

 []


Overfull \vbox (7.67189pt too high) has occurred while \output is active []

 [25] <./figs/fig15.png, id=721, 794.97pt x 603.25375pt>
File: ./figs/fig15.png Graphic file (type png)
 <use ./figs/fig15.png>
Package pdftex.def Info: ./figs/fig15.png used on input line 109.
(pdftex.def)             Requested size: 284.52713pt x 227.61874pt.

Overfull \vbox (7.67189pt too high) has occurred while \output is active []

 [26 <./figs/fig14.png>]
./chapter3/c3.tex:127: Missing $ inserted.
<inserted text> 
                $
l.127 	Device&(S,D) =$> (0, 34)&
                                Uniform\\
I've inserted something that you may have forgotten.
(See the <inserted text> above.)
With luck, this will get me unwedged. But if you
really didn't forget anything, try typing `2' now; then
my insertion and my current dilemma will both disappear.


Overfull \vbox (7.67189pt too high) has occurred while \output is active []

 [27 <./figs/fig15.png>]) [28]
chapter 4.
 (./chapter4/c4.tex <./figs/fig16.png, id=738, 513.92pt x 302.12875pt>
File: ./figs/fig16.png Graphic file (type png)
 <use ./figs/fig16.png>
Package pdftex.def Info: ./figs/fig16.png used on input line 15.
(pdftex.def)             Requested size: 341.43883pt x 227.62405pt.

Overfull \vbox (7.67189pt too high) has occurred while \output is active []

 [29


]
Overfull \vbox (7.67189pt too high) has occurred while \output is active []

 [30 <./figs/fig16.png>]
Overfull \vbox (7.67189pt too high) has occurred while \output is active []

 [31]
Overfull \vbox (7.67189pt too high) has occurred while \output is active []

 [32] <./figs/fig17.png, id=763, 855.195pt x 382.42876pt>
File: ./figs/fig17.png Graphic file (type png)
 <use ./figs/fig17.png>
Package pdftex.def Info: ./figs/fig17.png used on input line 75.
(pdftex.def)             Requested size: 426.78741pt x 284.53922pt.

Overfull \vbox (7.67189pt too high) has occurred while \output is active []

 [33 <./figs/fig17.png>] <./figs/fig18.png, id=769, 1062.97125pt x 739.76375pt>
File: ./figs/fig18.png Graphic file (type png)
 <use ./figs/fig18.png>
Package pdftex.def Info: ./figs/fig18.png used on input line 120.
(pdftex.def)             Requested size: 341.4391pt x 227.61992pt.
 <./figs/fig19.png, id=770, 1062.97125pt x 740.7675pt>
File: ./figs/fig19.png Graphic file (type png)
 <use ./figs/fig19.png>
Package pdftex.def Info: ./figs/fig19.png used on input line 129.
(pdftex.def)             Requested size: 341.4391pt x 227.61227pt.

Overfull \vbox (7.67189pt too high) has occurred while \output is active []

 [34]
Overfull \vbox (7.67189pt too high) has occurred while \output is active []

 [35 <./figs/fig18.png> <./figs/fig19.png>]
Overfull \vbox (7.67189pt too high) has occurred while \output is active []

 [36] <./figs/fig20.png, id=788, 1060.96375pt x 740.7675pt>
File: ./figs/fig20.png Graphic file (type png)
 <use ./figs/fig20.png>
Package pdftex.def Info: ./figs/fig20.png used on input line 168.
(pdftex.def)             Requested size: 341.42563pt x 227.61227pt.
 <./figs/fig21.png, id=789, 1062.97125pt x 741.77126pt>
File: ./figs/fig21.png Graphic file (type png)
 <use ./figs/fig21.png>
Package pdftex.def Info: ./figs/fig21.png used on input line 184.
(pdftex.def)             Requested size: 341.4391pt x 227.6151pt.

Overfull \vbox (7.67189pt too high) has occurred while \output is active []

 [37 <./figs/fig20.png>]) [38 <./figs/fig21.png>]
chapter 5.
 (./chapter5/c5.tex <./figs/fig22.png, id=800, 573.14125pt x 359.3425pt>
File: ./figs/fig22.png Graphic file (type png)
 <use ./figs/fig22.png>
Package pdftex.def Info: ./figs/fig22.png used on input line 13.
(pdftex.def)             Requested size: 426.79398pt x 284.5464pt.

Overfull \vbox (7.67189pt too high) has occurred while \output is active []

 [39


 <./figs/fig22.png>] <./figs/fig23.png, id=807, 600.2425pt x 287.0725pt>
File: ./figs/fig23.png Graphic file (type png)
 <use ./figs/fig23.png>
Package pdftex.def Info: ./figs/fig23.png used on input line 29.
(pdftex.def)             Requested size: 426.80711pt x 284.53555pt.

Overfull \vbox (7.67189pt too high) has occurred while \output is active []

 [40 <./figs/fig23.png>] <./figs/fig24.png, id=813, 1055.945pt x 738.76pt>
File: ./figs/fig24.png Graphic file (type png)
 <use ./figs/fig24.png>
Package pdftex.def Info: ./figs/fig24.png used on input line 46.
(pdftex.def)             Requested size: 341.42181pt x 227.61543pt.
 <./figs/fig25.png, id=814, 1035.87pt x 737.75626pt>
File: ./figs/fig25.png Graphic file (type png)
 <use ./figs/fig25.png>
Package pdftex.def Info: ./figs/fig25.png used on input line 57.
(pdftex.def)             Requested size: 341.4272pt x 227.62138pt.

Overfull \vbox (7.67189pt too high) has occurred while \output is active []

 [41]
Overfull \vbox (7.67189pt too high) has occurred while \output is active []

 [42 <./figs/fig24.png> <./figs/fig25.png>] <./figs/fig26.png, id=825, 1061.967
5pt x 737.75626pt>
File: ./figs/fig26.png Graphic file (type png)
 <use ./figs/fig26.png>
Package pdftex.def Info: ./figs/fig26.png used on input line 78.
(pdftex.def)             Requested size: 284.53127pt x 227.62138pt.

Overfull \vbox (7.67189pt too high) has occurred while \output is active []

 [43] <./figs/fig27.png, id=830, 1058.95625pt x 736.7525pt>
File: ./figs/fig27.png Graphic file (type png)
 <use ./figs/fig27.png>
Package pdftex.def Info: ./figs/fig27.png used on input line 91.
(pdftex.def)             Requested size: 284.51624pt x 227.61522pt.

Overfull \vbox (7.67189pt too high) has occurred while \output is active []

 [44 <./figs/fig26.png>] <./figs/fig28.png, id=836, 1058.95625pt x 734.745pt>
File: ./figs/fig28.png Graphic file (type png)
 <use ./figs/fig28.png>
Package pdftex.def Info: ./figs/fig28.png used on input line 105.
(pdftex.def)             Requested size: 284.51624pt x 227.62285pt.

Overfull \vbox (7.67189pt too high) has occurred while \output is active []

 [45 <./figs/fig27.png>] <./figs/fig29.png, id=843, 482.80376pt x 209.78375pt>
File: ./figs/fig29.png Graphic file (type png)
 <use ./figs/fig29.png>
Package pdftex.def Info: ./figs/fig29.png used on input line 117.
(pdftex.def)             Requested size: 426.80614pt x 284.52745pt.

Overfull \vbox (7.67189pt too high) has occurred while \output is active []

 [46 <./figs/fig28.png>]
<./figs/missing.png, id=850, 1062.97125pt x 739.76375pt>
File: ./figs/missing.png Graphic file (type png)
 <use ./figs/missing.png>
Package pdftex.def Info: ./figs/missing.png used on input line 127.
(pdftex.def)             Requested size: 341.4391pt x 227.61992pt.

Overfull \vbox (7.67189pt too high) has occurred while \output is active []

 [47 <./figs/fig29.png>]) [48 <./figs/missing.png>]
chapter 6.
 (./chapter6/c6.tex
Overfull \vbox (7.67189pt too high) has occurred while \output is active []

 [49


]
Overfull \vbox (7.67189pt too high) has occurred while \output is active []

 [50] <./figs/fig30.png, id=869, 457.71pt x 233.87375pt>
File: ./figs/fig30.png Graphic file (type png)
 <use ./figs/fig30.png>
Package pdftex.def Info: ./figs/fig30.png used on input line 48.
(pdftex.def)             Requested size: 227.61826pt x 170.7264pt.

Overfull \hbox (88.85669pt too wide) in paragraph at lines 48--49
 [][] 
 []

 <./figs/fig31.png, id=870, 476.78125pt x 239.89626pt>
File: ./figs/fig31.png Graphic file (type png)
 <use ./figs/fig31.png>
Package pdftex.def Info: ./figs/fig31.png used on input line 55.
(pdftex.def)             Requested size: 227.6229pt x 170.7192pt.

Overfull \hbox (88.86133pt too wide) in paragraph at lines 55--56
 [][] 
 []

 <./figs/fig32.png, id=872, 504.88625pt x 223.83624pt>
File: ./figs/fig32.png Graphic file (type png)
 <use ./figs/fig32.png>
Package pdftex.def Info: ./figs/fig32.png used on input line 62.
(pdftex.def)             Requested size: 227.62042pt x 170.72185pt.

Overfull \hbox (88.85886pt too wide) in paragraph at lines 62--63
 [][] 
 []


Overfull \vbox (7.67189pt too high) has occurred while \output is active []

 [51 <./figs/fig31.png> <./figs/fig32.png> <./figs/fig30.png>] <./figs/fig33.pn
g, id=884, 1056.94875pt x 734.745pt>
File: ./figs/fig33.png Graphic file (type png)
 <use ./figs/fig33.png>
Package pdftex.def Info: ./figs/fig33.png used on input line 84.
(pdftex.def)             Requested size: 341.4238pt x 227.62285pt.

Overfull \vbox (7.67189pt too high) has occurred while \output is active []

 [52 <./figs/fig33.png>] <./figs/fig34.png, id=890, 1060.96375pt x 738.76pt>
File: ./figs/fig34.png Graphic file (type png)
 <use ./figs/fig34.png>
Package pdftex.def Info: ./figs/fig34.png used on input line 96.
(pdftex.def)             Requested size: 341.42563pt x 227.61543pt.
./chapter6/c6.tex:97: Misplaced alignment tab character &.
<argument> ...rtest path, Bhandari shortest path &
                                                   Risk aware IPDSP for failure
l.97 ...rtest path & Risk aware IPDSP for failure}
                                                  
I can't figure out why you would want to use a tab mark
here. If you just want an ampersand, the remedy is
simple: Just type `I\&' now. But if some right brace
up above has ended a previous alignment prematurely,
you're probably due for more error messages, and you
might try typing `S' now just to see what is salvageable.

./chapter6/c6.tex:97: Misplaced alignment tab character &.
<argument> ...rtest path, Bhandari shortest path &
                                                   Risk aware IPDSP for failure
l.97 ...rtest path & Risk aware IPDSP for failure}
                                                  
I can't figure out why you would want to use a tab mark
here. If you just want an ampersand, the remedy is
simple: Just type `I\&' now. But if some right brace
up above has ended a previous alignment prematurely,
you're probably due for more error messages, and you
might try typing `S' now just to see what is salvageable.


Overfull \vbox (7.67189pt too high) has occurred while \output is active []

 [53 <./figs/fig34.png>] <./figs/fig35.png, id=896, 1056.94875pt x 731.73375pt>
File: ./figs/fig35.png Graphic file (type png)
 <use ./figs/fig35.png>
Package pdftex.def Info: ./figs/fig35.png used on input line 111.
(pdftex.def)             Requested size: 341.4238pt x 227.61668pt.
./chapter6/c6.tex:112: Misplaced alignment tab character &.
<argument> ...rtest path, Bhandari shortest path &
                                                   Risk aware PDID for block...
l.112 ...eleasing resources of failed connections}
                                                  
I can't figure out why you would want to use a tab mark
here. If you just want an ampersand, the remedy is
simple: Just type `I\&' now. But if some right brace
up above has ended a previous alignment prematurely,
you're probably due for more error messages, and you
might try typing `S' now just to see what is salvageable.

./chapter6/c6.tex:112: Misplaced alignment tab character &.
<argument> ...rtest path, Bhandari shortest path &
                                                   Risk aware PDID for block...
l.112 ...eleasing resources of failed connections}
                                                  
I can't figure out why you would want to use a tab mark
here. If you just want an ampersand, the remedy is
simple: Just type `I\&' now. But if some right brace
up above has ended a previous alignment prematurely,
you're probably due for more error messages, and you
might try typing `S' now just to see what is salvageable.


Overfull \vbox (7.67189pt too high) has occurred while \output is active []

 [54 <./figs/fig35.png>]) [55]
chapter 7.
 (./chapter7/c7.tex)
Overfull \vbox (7.67189pt too high) has occurred while \output is active []

 [56


] [57] (./Dissertation.bbl
chapter without number

LaTeX Warning: Empty `thebibliography' environment or \BreakBibliography
               before end of `thebibliography' environment on input line 24.

)
No complaints by nag.
Package atveryend Info: Empty hook `BeforeClearDocument' on input line 86.
 [58




]
Package atveryend Info: Empty hook `AfterLastShipout' on input line 86.
 (./Dissertation.aux)
Package atveryend Info: Executing hook `AtVeryEndDocument' on input line 86.
Package atveryend Info: Executing hook `AtEndAfterFileList' on input line 86.

Package rerunfilecheck Warning: File `Dissertation.out' has changed.
(rerunfilecheck)                Rerun to get outlines right
(rerunfilecheck)                or use package `bookmark'.

Package rerunfilecheck Info: Checksums for `Dissertation.out':
(rerunfilecheck)             Before: 0929B2FE2674C76566365FE818429AE2;5331
(rerunfilecheck)             After:  4E87BC9A999A54A7343E05E813123C4E;5278.

LaTeX Warning: There were multiply-defined labels.

Package atveryend Info: Empty hook `AtVeryVeryEnd' on input line 86.
 ) 
Here is how much of TeX's memory you used:
 17263 strings out of 492995
 281668 string characters out of 6132704
 630429 words of memory out of 5000000
 20041 multiletter control sequences out of 15000+600000
 37366 words of font info for 194 fonts, out of 8000000 for 9000
 1144 hyphenation exceptions out of 8191
 51i,12n,80p,8845b,999s stack positions out of 5000i,500n,10000p,200000b,80000s
pdfTeX warning (dest): name{Hfootnote.5} has been referenced but does not exi
st, replaced by a fixed one

pdfTeX warning (dest): name{Hfootnote.4} has been referenced but does not exist
, replaced by a fixed one

pdfTeX warning (dest): name{Hfootnote.3} has been referenced but does not exist
, replaced by a fixed one

pdfTeX warning (dest): name{Hfootnote.2} has been referenced but does not exist
, replaced by a fixed one

pdfTeX warning (dest): name{Hfootnote.1} has been referenced but does not exist
, replaced by a fixed one

pdfTeX warning (dest): name{subsection.1.0.5} has been referenced but does not 
exist, replaced by a fixed one

pdfTeX warning (dest): name{subsection.1.0.4} has been referenced but does not 
exist, replaced by a fixed one

pdfTeX warning (dest): name{subsection.1.0.3} has been referenced but does not 
exist, replaced by a fixed one

pdfTeX warning (dest): name{subsection.1.0.2} has been referenced but does not 
exist, replaced by a fixed one

pdfTeX warning (dest): name{subsection.1.0.1} has been referenced but does not 
exist, replaced by a fixed one

{/usr/local/texlive/2017/texmf-dist/fonts/enc/dvips/base/8r.enc}</usr/local/tex
live/2017/texmf-dist/fonts/type1/public/amsfonts/cm/cmmi12.pfb></usr/local/texl
ive/2017/texmf-dist/fonts/type1/public/amsfonts/cm/cmr12.pfb></usr/local/texliv
e/2017/texmf-dist/fonts/type1/public/amsfonts/cm/cmsy10.pfb></usr/local/texlive
/2017/texmf-dist/fonts/type1/urw/helvetic/uhvb8a.pfb></usr/local/texlive/2017/t
exmf-dist/fonts/type1/urw/times/utmb8a.pfb></usr/local/texlive/2017/texmf-dist/
fonts/type1/urw/times/utmbi8a.pfb></usr/local/texlive/2017/texmf-dist/fonts/typ
e1/urw/times/utmr8a.pfb></usr/local/texlive/2017/texmf-dist/fonts/type1/urw/tim
es/utmri8a.pfb>
Output written on Dissertation.pdf (68 pages, 1395125 bytes).
PDF statistics:
 1002 PDF objects out of 1200 (max. 8388607)
 832 compressed objects within 9 object streams
 229 named destinations out of 1000 (max. 500000)
 27925 words of extra memory for PDF output out of 29859 (max. 10000000)

